<?xml version="1.0" encoding="UTF-8"?>
<testsuite xmlns:xsi="http://www.w3.org/2001/XMLSchema-instance" xsi:noNamespaceSchemaLocation="https://maven.apache.org/surefire/maven-surefire-plugin/xsd/surefire-test-report-3.0.xsd" version="3.0" name="com.speakingclock.ClockInputControllerTest" time="6.479" tests="2" errors="0" skipped="0" failures="0">
  <properties>
[...]
</properties>
  <testcase name="postSpeckingClock" classname="com.speakingclock.ClockInputControllerTest" time="0.294">
    <system-out><![CDATA[14:49:57.878 [main] INFO org.springframework.test.context.support.AnnotationConfigContextLoaderUtils -- Could not detect default configuration classes for test class [com.speakingclock.ClockInputControllerTest]: ClockInputControllerTest does not declare any static, non-private, non-final, nested classes annotated with @Configuration.
14:49:58.112 [main] INFO org.springframework.boot.test.context.SpringBootTestContextBootstrapper -- Found @SpringBootConfiguration com.speakingclock.SpeakingclockApplication for test class com.speakingclock.ClockInputControllerTest
14:49:58.264 [main] INFO org.springframework.boot.devtools.restart.RestartApplicationListener -- Restart disabled due to context in which it is running

  .   ____          _            __ _ _
 /\\ / ___'_ __ _ _(_)_ __  __ _ \ \ \ \
( ( )\___ | '_ | '_| | '_ \/ _` | \ \ \ \
 \\/  ___)| |_)| | | | | || (_| |  ) ) ) )
  '  |____| .__|_| |_|_| |_\__, | / / / /
 =========|_|==============|___/=/_/_/_/
 :: Spring Boot ::                (v3.1.6)

2023-11-26T14:49:58.870+05:30  INFO 18208 --- [           main] c.s.ClockInputControllerTest             : Starting ClockInputControllerTest using Java 17.0.3 with PID 18208 (started by 894675 in C:\Users\894675\Downloads\speakingclock\speakingclock)
2023-11-26T14:49:58.875+05:30  INFO 18208 --- [           main] c.s.ClockInputControllerTest             : No active profile set, falling back to 1 default profile: "default"
2023-11-26T14:50:03.484+05:30  INFO 18208 --- [           main] o.s.b.t.m.w.SpringBootMockServletContext : Initializing Spring TestDispatcherServlet ''
2023-11-26T14:50:03.485+05:30  INFO 18208 --- [           main] o.s.t.web.servlet.TestDispatcherServlet  : Initializing Servlet ''
2023-11-26T14:50:03.491+05:30  INFO 18208 --- [           main] o.s.t.web.servlet.TestDispatcherServlet  : Completed initialization in 3 ms
2023-11-26T14:50:03.542+05:30  INFO 18208 --- [           main] c.s.ClockInputControllerTest             : Started ClockInputControllerTest in 5.305 seconds (process running for 7.127)
]]></system-out>
  </testcase>
  <testcase name="postSpeckingClockWithException" classname="com.speakingclock.ClockInputControllerTest" time="0.115"/>
</testsuite>